/usr/local/lib/python3.5/dist-packages/h5py/__init__.py:36: FutureWarning: Conversion of the second argument of issubdtype from `float` to `np.floating` is deprecated. In future, it will be treated as `np.float64 == np.dtype(float).type`.
  from ._conv import register_converters as _register_converters
2018-09-05 16:39:06.648468: I tensorflow/core/common_runtime/gpu/gpu_device.cc:1212] Found device 0 with properties: 
name: TITAN Xp major: 6 minor: 1 memoryClockRate(GHz): 1.582
pciBusID: 0000:03:00.0
totalMemory: 11.91GiB freeMemory: 11.74GiB
2018-09-05 16:39:06.648516: I tensorflow/core/common_runtime/gpu/gpu_device.cc:1312] Adding visible gpu devices: 0
2018-09-05 16:39:06.928037: I tensorflow/core/common_runtime/gpu/gpu_device.cc:993] Creating TensorFlow device (/job:localhost/replica:0/task:0/device:GPU:0 with 11372 MB memory) -> physical GPU (device: 0, name: TITAN Xp, pci bus id: 0000:03:00.0, compute capability: 6.1)
[!] Using variables from ../logs/ckpt-0
[*] epoch {}/{} loss_G: {:.4f}  loss_D_s: {:.4f}  loss_D_t: 1.0000
[*] epoch {}/{} loss_G: {:.4f}  loss_D_s: {:.4f}  loss_D_t: 2.0000
[*] Model saved in ../logs/ckpt-1
[*] epoch {}/{} loss_G: {:.4f}  loss_D_s: {:.4f}  loss_D_t: 3.0000
[*] Model saved in ../logs/ckpt-2
[*] epoch {}/{} loss_G: {:.4f}  loss_D_s: {:.4f}  loss_D_t: 4.0000
[*] Model saved in ../logs/ckpt-3
[*] epoch {}/{} loss_G: {:.4f}  loss_D_s: {:.4f}  loss_D_t: 5.0000
[*] Model saved in ../logs/ckpt-4
[*] epoch {}/{} loss_G: {:.4f}  loss_D_s: {:.4f}  loss_D_t: 6.0000
[*] epoch {}/{} loss_G: {:.4f}  loss_D_s: {:.4f}  loss_D_t: 7.0000
[*] Model saved in ../logs/ckpt-6
[*] epoch {}/{} loss_G: {:.4f}  loss_D_s: {:.4f}  loss_D_t: 8.0000
[*] Model saved in ../logs/ckpt-7
[*] epoch {}/{} loss_G: {:.4f}  loss_D_s: {:.4f}  loss_D_t: 9.0000
[*] Model saved in ../logs/ckpt-8
[*] epoch {}/{} loss_G: {:.4f}  loss_D_s: {:.4f}  loss_D_t: 10.0000
[*] Model saved in ../logs/ckpt-9
[*] epoch {}/{} loss_G: {:.4f}  loss_D_s: {:.4f}  loss_D_t: 11.0000
[*] epoch {}/{} loss_G: {:.4f}  loss_D_s: {:.4f}  loss_D_t: 12.0000
[*] Model saved in ../logs/ckpt-11
[*] epoch {}/{} loss_G: {:.4f}  loss_D_s: {:.4f}  loss_D_t: 13.0000
[*] Model saved in ../logs/ckpt-12
[*] epoch {}/{} loss_G: {:.4f}  loss_D_s: {:.4f}  loss_D_t: 14.0000
[*] Model saved in ../logs/ckpt-13
[*] epoch {}/{} loss_G: {:.4f}  loss_D_s: {:.4f}  loss_D_t: 15.0000
[*] Model saved in ../logs/ckpt-14
